<?xml version="1.0" encoding="UTF-8"?>
<!-- Generated by org.testng.reporters.JUnitReportReporter -->
<testsuite hostname="DESKTOP-4PUUDIG" failures="0" tests="1" name="testngExamples.Example_TestNG5" time="11.546" errors="0" timestamp="14 Apr 2022 17:40:45 GMT">
  <testcase classname="testngExamples.Example_TestNG5" name="tc001" time="11.546"/>
</testsuite> <!-- testngExamples.Example_TestNG5 -->
