<?xml version="1.0" encoding="UTF-8"?>
<!-- Generated by org.testng.reporters.JUnitReportReporter -->
<testsuite hostname="DESKTOP-4PUUDIG" failures="0" tests="1" name="com.hrms.testscripts.TC002_AddEmp" time="9.614" errors="0" timestamp="21 Apr 2022 17:26:47 GMT">
  <testcase classname="com.hrms.testscripts.TC002_AddEmp" name="tc002" time="9.614"/>
</testsuite> <!-- com.hrms.testscripts.TC002_AddEmp -->
