<?xml version="1.0" encoding="UTF-8"?>
<!-- Generated by org.testng.reporters.JUnitReportReporter -->
<testsuite hostname="DESKTOP-4PUUDIG" failures="0" tests="4" name="testngExamples.Example_TestNG" time="0.012" errors="0" timestamp="13 Apr 2022 01:47:49 GMT">
  <testcase classname="testngExamples.Example_TestNG" name="addemp" time="0.008"/>
  <testcase classname="testngExamples.Example_TestNG" name="login" time="0.001"/>
  <testcase classname="testngExamples.Example_TestNG" name="delemp" time="0.002"/>
  <testcase classname="testngExamples.Example_TestNG" name="logout" time="0.001"/>
</testsuite> <!-- testngExamples.Example_TestNG -->
