<?xml version="1.0" encoding="UTF-8"?>
<!-- Generated by org.testng.reporters.JUnitReportReporter -->
<testsuite hostname="DESKTOP-4PUUDIG" failures="0" tests="2" name="testngExamples.Example_TestNG2" time="0.012" errors="0" timestamp="13 Apr 2022 01:58:28 GMT">
  <testcase classname="testngExamples.Example_TestNG2" name="delemp" time="0.004"/>
  <testcase classname="testngExamples.Example_TestNG2" name="addemp" time="0.008"/>
</testsuite> <!-- testngExamples.Example_TestNG2 -->
