<?xml version="1.0" encoding="UTF-8"?>
<!-- Generated by org.testng.reporters.JUnitReportReporter -->
<testsuite hostname="DESKTOP-4PUUDIG" failures="0" tests="1" name="testngExamples.Example_TestNG4" time="8.022" errors="0" timestamp="14 Apr 2022 17:19:03 GMT">
  <testcase classname="testngExamples.Example_TestNG4" name="tc001" time="8.022"/>
</testsuite> <!-- testngExamples.Example_TestNG4 -->
