<?xml version="1.0" encoding="UTF-8"?>
<!-- Generated by org.testng.reporters.JUnitReportReporter -->
<testsuite hostname="DESKTOP-4PUUDIG" failures="0" tests="1" name="testngExamples.Example_TestNG6" time="12.204" errors="0" timestamp="14 Apr 2022 18:09:06 GMT">
  <testcase classname="testngExamples.Example_TestNG6" name="tc001" time="12.204"/>
</testsuite> <!-- testngExamples.Example_TestNG6 -->
