<?xml version="1.0" encoding="UTF-8"?>
<!-- Generated by org.testng.reporters.JUnitReportReporter -->
<testsuite hostname="DESKTOP-4PUUDIG" failures="0" tests="1" name="com.hrms.testscripts.TC001_Login_Logout" time="12.812" errors="0" timestamp="22 Apr 2022 17:27:11 GMT">
  <testcase classname="com.hrms.testscripts.TC001_Login_Logout" name="tc001" time="12.812"/>
</testsuite> <!-- com.hrms.testscripts.TC001_Login_Logout -->
